<?xml version="1.0" encoding="UTF-8"?>
<!-- Generated by org.testng.reporters.JUnitReportReporter -->
<testsuite hostname="Rupeshs-MacBook-Air.local" failures="0" tests="1" name="com.api.tests.LoginApiTest" time="0.631" errors="0" timestamp="2025-10-01T21:13:52 IST" skipped="0">
  <testcase classname="com.api.tests.LoginApiTest" name="loginApiTest" time="0.631"/>
</testsuite> <!-- com.api.tests.LoginApiTest -->
