<?xml version="1.0" encoding="UTF-8"?>
<!-- Generated by org.testng.reporters.JUnitReportReporter -->
<testsuite hostname="Rupeshs-MacBook-Air.local" failures="0" tests="1" name="com.api.tests.LoginApiTest" time="0.703" errors="0" timestamp="2025-09-14T11:26:17 IST" skipped="0">
  <testcase classname="com.api.tests.LoginApiTest" name="loginApiTest" time="0.703"/>
</testsuite> <!-- com.api.tests.LoginApiTest -->
