<?xml version="1.0" encoding="UTF-8"?>
<!-- Generated by org.testng.reporters.JUnitReportReporter -->
<testsuite hostname="Rupeshs-MacBook-Air.local" failures="0" tests="1" name="com.api.tests.UserDetailsApiTest" time="0.100" errors="0" timestamp="2025-09-20T21:29:51 IST" skipped="0">
  <testcase classname="com.api.tests.UserDetailsApiTest" name="UserDetailsApiTest" time="0.100"/>
</testsuite> <!-- com.api.tests.UserDetailsApiTest -->
